<?xml version="1.0" encoding="UTF-8"?>
<!-- Generated by org.testng.reporters.JUnitXMLReporter -->
<testsuite hostname="vinw003419" name="Default test" tests="18" failures="0" timestamp="18 Nov 2014 15:36:44 GMT" time="267.087" errors="0">
  <testcase name="@BeforeMethod beforeMethod" time="0.0" classname="Test.JobTests1">
    <failure type="org.openqa.selenium.WebDriverException" message="Failed to connect to binary FirefoxBinary(C:\Program Files (x86)\Mozilla Firefox\firefox.exe) on port 7055; process output follows: 
null
Build info: version: &amp;apos;2.43.1&amp;apos;, revision: &amp;apos;5163bce&amp;apos;, time: &amp;apos;2014-09-10 16:27:58&amp;apos;
System info: host: &amp;apos;vinw003419&amp;apos;, ip: &amp;apos;10.184.89.181&amp;apos;, os.name: &amp;apos;Windows 7&amp;apos;, os.arch: &amp;apos;x86&amp;apos;, os.version: &amp;apos;6.1&amp;apos;, java.version: &amp;apos;1.6.0_24&amp;apos;
Driver info: driver.version: FirefoxDriver">
      <![CDATA[org.openqa.selenium.WebDriverException: Failed to connect to binary FirefoxBinary(C:\Program Files (x86)\Mozilla Firefox\firefox.exe) on port 7055; process output follows: 
null
Build info: version: '2.43.1', revision: '5163bce', time: '2014-09-10 16:27:58'
System info: host: 'vinw003419', ip: '10.184.89.181', os.name: 'Windows 7', os.arch: 'x86', os.version: '6.1', java.version: '1.6.0_24'
Driver info: driver.version: FirefoxDriver
	at org.openqa.selenium.firefox.internal.NewProfileExtensionConnection.start(NewProfileExtensionConnection.java:134)
	at org.openqa.selenium.firefox.FirefoxDriver.startClient(FirefoxDriver.java:246)
	at org.openqa.selenium.remote.RemoteWebDriver.<init>(RemoteWebDriver.java:114)
	at org.openqa.selenium.firefox.FirefoxDriver.<init>(FirefoxDriver.java:193)
	at org.openqa.selenium.firefox.FirefoxDriver.<init>(FirefoxDriver.java:186)
	at org.openqa.selenium.firefox.FirefoxDriver.<init>(FirefoxDriver.java:182)
	at org.openqa.selenium.firefox.FirefoxDriver.<init>(FirefoxDriver.java:95)
	at TDE.TDE.TDE(TDE.java:16)
	at TDE.TDE.<init>(TDE.java:14)
	at Test.JobTests1.beforeMethod(JobTests1.java:19)
	at sun.reflect.GeneratedMethodAccessor18.invoke(Unknown Source)
	at sun.reflect.DelegatingMethodAccessorImpl.invoke(Unknown Source)
	at java.lang.reflect.Method.invoke(Unknown Source)
	at org.testng.internal.MethodInvocationHelper.invokeMethod(MethodInvocationHelper.java:84)
	at org.testng.internal.Invoker.invokeConfigurationMethod(Invoker.java:564)
	at org.testng.internal.Invoker.invokeConfigurations(Invoker.java:213)
	at org.testng.internal.Invoker.invokeMethod(Invoker.java:653)
	at org.testng.internal.Invoker.invokeTestMethod(Invoker.java:901)
	at org.testng.internal.Invoker.invokeTestMethods(Invoker.java:1231)
	at org.testng.internal.TestMethodWorker.invokeTestMethods(TestMethodWorker.java:127)
	at org.testng.internal.TestMethodWorker.run(TestMethodWorker.java:111)
	at org.testng.TestRunner.privateRun(TestRunner.java:767)
	at org.testng.TestRunner.run(TestRunner.java:617)
	at org.testng.SuiteRunner.runTest(SuiteRunner.java:334)
	at org.testng.SuiteRunner.runSequentially(SuiteRunner.java:329)
	at org.testng.SuiteRunner.privateRun(SuiteRunner.java:291)
	at org.testng.SuiteRunner.run(SuiteRunner.java:240)
	at org.testng.SuiteRunnerWorker.runSuite(SuiteRunnerWorker.java:52)
	at org.testng.SuiteRunnerWorker.run(SuiteRunnerWorker.java:86)
	at org.testng.TestNG.runSuitesSequentially(TestNG.java:1224)
	at org.testng.TestNG.runSuitesLocally(TestNG.java:1149)
	at org.testng.TestNG.run(TestNG.java:1057)
	at org.testng.remote.RemoteTestNG.run(RemoteTestNG.java:111)
	at org.testng.remote.RemoteTestNG.initAndRun(RemoteTestNG.java:204)
	at org.testng.remote.RemoteTestNG.main(RemoteTestNG.java:175)
Caused by: org.openqa.selenium.firefox.UnableToCreateProfileException: java.io.IOException: There is not enough space on the disk
Build info: version: '2.43.1', revision: '5163bce', time: '2014-09-10 16:27:58'
System info: host: 'vinw003419', ip: '10.184.89.181', os.name: 'Windows 7', os.arch: 'x86', os.version: '6.1', java.version: '1.6.0_24'
Driver info: driver.version: FirefoxDriver
	at org.openqa.selenium.firefox.FirefoxProfile.layoutOnDisk(FirefoxProfile.java:409)
	at org.openqa.selenium.firefox.internal.NewProfileExtensionConnection.start(NewProfileExtensionConnection.java:89)
	... 34 more
Caused by: java.io.IOException: There is not enough space on the disk
	at sun.nio.ch.FileDispatcher.write0(Native Method)
	at sun.nio.ch.FileDispatcher.write(Unknown Source)
	at sun.nio.ch.IOUtil.writeFromNativeBuffer(Unknown Source)
	at sun.nio.ch.IOUtil.write(Unknown Source)
	at sun.nio.ch.FileChannelImpl.write(Unknown Source)
	at sun.nio.ch.FileChannelImpl.transferToTrustedChannel(Unknown Source)
	at sun.nio.ch.FileChannelImpl.transferTo(Unknown Source)
	at org.openqa.selenium.io.FileHandler.copyFile(FileHandler.java:195)
	at org.openqa.selenium.io.FileHandler.copy(FileHandler.java:159)
	at org.openqa.selenium.io.FileHandler.copyDir(FileHandler.java:178)
	at org.openqa.selenium.io.FileHandler.copy(FileHandler.java:157)
	at org.openqa.selenium.io.FileHandler.copyDir(FileHandler.java:178)
	at org.openqa.selenium.io.FileHandler.copy(FileHandler.java:157)
	at org.openqa.selenium.io.FileHandler.copyDir(FileHandler.java:178)
	at org.openqa.selenium.io.FileHandler.copy(FileHandler.java:157)
	at org.openqa.selenium.io.FileHandler.copy(FileHandler.java:144)
	at org.openqa.selenium.firefox.internal.FileExtension.writeTo(FileExtension.java:71)
	at org.openqa.selenium.firefox.internal.ClasspathExtension.writeTo(ClasspathExtension.java:63)
	at org.openqa.selenium.firefox.FirefoxProfile.installExtensions(FirefoxProfile.java:425)
	at org.openqa.selenium.firefox.FirefoxProfile.layoutOnDisk(FirefoxProfile.java:403)
	... 35 more
]]>
    </failure>
  </testcase> <!-- @BeforeMethod beforeMethod -->
  <testcase name="@AfterMethod afterMethod" time="0.0" classname="Test.JobTests1">
    <skipped/>
  </testcase> <!-- @AfterMethod afterMethod -->
  <testcase name="@BeforeMethod beforeMethod" time="0.0" classname="Test.JobTests1">
    <skipped/>
  </testcase> <!-- @BeforeMethod beforeMethod -->
  <testcase name="@AfterMethod afterMethod" time="0.0" classname="Test.JobTests1">
    <skipped/>
  </testcase> <!-- @AfterMethod afterMethod -->
  <testcase name="f" time="6.678" classname="Test.JobTests1"/>
  <testcase name="f" time="6.067" classname="Test.JobTests1"/>
  <testcase name="f" time="6.343" classname="Test.JobTests1"/>
  <testcase name="f" time="6.355" classname="Test.JobTests1"/>
  <testcase name="f" time="6.372" classname="Test.JobTests1"/>
  <testcase name="f" time="6.453" classname="Test.JobTests1"/>
  <testcase name="f" time="6.713" classname="Test.JobTests1"/>
  <testcase name="f" time="6.234" classname="Test.JobTests1"/>
  <testcase name="f" time="6.19" classname="Test.JobTests1"/>
  <testcase name="f" time="6.485" classname="Test.JobTests1"/>
  <testcase name="f" time="6.406" classname="Test.JobTests1"/>
  <testcase name="f" time="6.068" classname="Test.JobTests1"/>
  <testcase name="f" time="9.192" classname="Test.JobTests1"/>
  <testcase name="f" time="6.811" classname="Test.JobTests1"/>
  <testcase name="f" time="7.104" classname="Test.JobTests1"/>
  <testcase name="f" time="7.492" classname="Test.JobTests1"/>
  <testcase name="f" time="0.0010" classname="Test.JobTests1">
    <skipped/>
  </testcase> <!-- f -->
  <testcase name="f" time="0.0" classname="Test.JobTests1">
    <skipped/>
  </testcase> <!-- f -->
</testsuite> <!-- Default test -->
